TTLocalizer: Running in language: English
OTPLocalizer: Running in language: English
Preloading suits...
Preloading Toon heads...
Preloading avatars...
{401000001: <toontown.distributed.ToontownDistrict.ToontownDistrict instance at 0x17F909B8>}
__handleAvatarChooserDone: 100000012, 'Avasquad', ('dss', 'ms', 's', 'm', (0.78, 0.18, 0.18, 1.0), (1.0, 1.0, 1.0, 1.0), (0.78, 0.18, 0.18, 1.0), (0.78, 0.18, 0.18, 1.0), 11, 27, 0, 27, 7, 13), 1
entered wait for zone redirect
entered wait for set zone response - 2
Reading DNA file... phase_4/dna/storage.pdna
Reading DNA file... phase_3.5/dna/storage_interior.pdna
entered wait for zone redirect
entered wait for set zone response - 2
Reading DNA file... phase_4/dna/storage.pdna
Reading DNA file... phase_3.5/dna/storage_interior.pdna
Reading DNA file... phase_5.5/dna/storage_estate.pdna
Reading DNA file... phase_5.5/dna/estate_1.pdna
{401000001: <toontown.distributed.ToontownDistrict.ToontownDistrict instance at 0x17F909B8>}
__handleAvatarChooserDone: 100000012, 'Avasquad', ('dss', 'ms', 's', 'm', (0.78, 0.18, 0.18, 1.0), (1.0, 1.0, 1.0, 1.0), (0.78, 0.18, 0.18, 1.0), (0.78, 0.18, 0.18, 1.0), 11, 27, 0, 27, 7, 13), 1
entered wait for zone redirect
entered wait for set zone response - 2
Reading DNA file... phase_4/dna/storage.pdna
Reading DNA file... phase_3.5/dna/storage_interior.pdna
entered wait for zone redirect
entered wait for set zone response - 2
Reading DNA file... phase_4/dna/storage.pdna
Reading DNA file... phase_3.5/dna/storage_interior.pdna
Reading DNA file... phase_5.5/dna/storage_estate.pdna
Reading DNA file... phase_5.5/dna/estate_1.pdna
adjusting item index -1
adjusting item index -1
adjusting item index -1
exiting due to lack of items
entered wait for zone redirect
entered wait for set zone response - 2
avid: 100000012, gender: m
current top = 148,27,135,27 and  bot = 7,13,
topsList = [11, 27, 0, 27, 3, 0, 3, 0]
bottomsList = []
avid: 100000012, gender: m
current top = 11,27,0,27 and  bot = 7,13,
topsList = [3, 0, 3, 0]
bottomsList = []
avid: 100000012, gender: m
current top = 11,27,0,27 and  bot = 7,13,
topsList = [3, 0, 3, 0]
bottomsList = []
avid: 100000012, gender: m
current top = 11,27,0,27 and  bot = 7,13,
topsList = [3, 0, 3, 0]
bottomsList = []
avid: 100000012, gender: m
current hat = (0, 0, 0), glasses = (0, 0, 0), backpack = (0, 0, 0), shoes = (2, 8, 0)
hatList = [10, 0, 0]
glassesList = []
backpackList = [22, 0, 0]
shoesList = [2, 8, 0, 2, 39, 0]
entered wait for zone redirect
entered wait for set zone response - 2
adjusting item index -1
exiting due to lack of items
entered wait for zone redirect
entered wait for set zone response - 2
avid: 100000012, gender: m
current hat = (0, 0, 0), glasses = (0, 0, 0), backpack = (0, 0, 0), shoes = (2, 8, 0)
hatList = [10, 0, 0, 38, 0, 0]
glassesList = []
backpackList = [22, 0, 0]
shoesList = [2, 8, 0, 2, 39, 0]
entered wait for zone redirect
entered wait for set zone response - 2
adjusting item index -1
adjusting item index -1
exiting due to lack of items
entered wait for zone redirect
entered wait for set zone response - 2
avid: 100000012, gender: m
current top = 11,27,0,27 and  bot = 17,27,
topsList = [3, 0, 3, 0]
bottomsList = [7, 13]
avid: 100000012, gender: m
current top = 11,27,0,27 and  bot = 7,13,
topsList = [3, 0, 3, 0]
bottomsList = []
avid: 100000012, gender: m
current top = 11,27,0,27 and  bot = 7,13,
topsList = [3, 0, 3, 0]
bottomsList = []
avid: 100000012, gender: m
current top = 11,27,0,27 and  bot = 7,13,
topsList = [3, 0, 3, 0]
bottomsList = []
avid: 100000012, gender: m
current hat = (0, 0, 0), glasses = (0, 0, 0), backpack = (0, 0, 0), shoes = (2, 8, 0)
hatList = [10, 0, 0, 38, 0, 0]
glassesList = []
backpackList = [22, 0, 0, 7, 5, 0]
shoesList = [2, 8, 0, 2, 39, 0]
entered wait for zone redirect
entered wait for set zone response - 2
Reading DNA file... phase_4/dna/storage.pdna
Reading DNA file... phase_3.5/dna/storage_interior.pdna
Reading DNA file... phase_8/dna/storage_BR.pdna
Reading DNA file... phase_8/dna/storage_BR_sz.pdna
Reading DNA file... phase_8/dna/the_burrrgh_sz.pdna
entered wait for zone redirect
entered wait for set zone response - 2
Reading DNA file... phase_5/dna/storage_town.pdna
Reading DNA file... phase_8/dna/storage_BR_town.pdna
Reading DNA file... phase_8/dna/the_burrrgh_3100.pdna
