TTLocalizer: Running in language: English
OTPLocalizer: Running in language: English
Preloading suits...
Preloading Toon heads...
Preloading avatars...
{401000001: <toontown.distributed.ToontownDistrict.ToontownDistrict instance at 0x1809BB20>}
__handleAvatarChooserDone: 100000009, 'Hashcode', ('rls', 'ms', 's', 'm', (0.52, 0.11, 0.11, 1.0), (1.0, 1.0, 1.0, 1.0), (0.52, 0.11, 0.11, 1.0), (0.52, 0.11, 0.11, 1.0), 131, 27, 118, 27, 7, 9), 1
entered wait for zone redirect
entered wait for set zone response - 2
Reading DNA file... phase_4/dna/storage.pdna
Reading DNA file... phase_3.5/dna/storage_interior.pdna
entered wait for zone redirect
entered wait for set zone response - 2
Reading DNA file... phase_4/dna/storage.pdna
Reading DNA file... phase_3.5/dna/storage_interior.pdna
Reading DNA file... phase_5.5/dna/storage_estate.pdna
Reading DNA file... phase_5.5/dna/estate_1.pdna
adjusting item index -1
exiting due to lack of items
entered wait for zone redirect
entered wait for set zone response - 2
entered wait for zone redirect
entered wait for set zone response - 2
adjusting item index -1
exiting due to lack of items
entered wait for zone redirect
entered wait for set zone response - 2
avid: 100000009, gender: m
current top = 69,27,58,27 and  bot = 55,27,
topsList = [0, 27, 0, 27, 74, 27, 63, 27, 131, 27, 118, 27, 49, 27, 38, 27, 130, 27, 117, 27, 110, 27, 97, 27]
bottomsList = [7, 9]
avid: 100000009, gender: m
current top = 110,27,97,27 and  bot = 7,9,
topsList = []
bottomsList = []
entered wait for zone redirect
entered wait for set zone response - 2
adjusting item index -1
adjusting item index -1
exiting due to lack of items
entered wait for zone redirect
entered wait for set zone response - 2
avid: 100000009, gender: m
current top = 68,27,57,27 and  bot = 7,9,
topsList = [110, 27, 97, 27]
bottomsList = []
avid: 100000009, gender: m
current top = 68,27,57,27 and  bot = 7,9,
topsList = [110, 27, 97, 27]
bottomsList = []
avid: 100000009, gender: m
current hat = (20, 0, 0), glasses = (0, 0, 0), backpack = (0, 0, 0), shoes = (2, 3, 0)
hatList = [49, 0, 0, 3, 0, 0, 20, 0, 0, 16, 0, 0, 45, 0, 0]
glassesList = [5, 0, 0]
backpackList = []
shoesList = [2, 3, 0]
entered wait for zone redirect
entered wait for set zone response - 2
Traceback (most recent call last):
  File "C:\Panda3D-1.10.0\direct\showbase\EventManager.py", line 52, in eventLoopTask
    self.doEvents()
  File "C:\Panda3D-1.10.0\direct\showbase\EventManager.py", line 46, in doEvents
    processFunc(self.eventQueue.dequeueEvent())
  File "C:\Panda3D-1.10.0\direct\showbase\EventManager.py", line 103, in processEvent
    messenger.send(eventName, paramList)
  File "C:\Panda3D-1.10.0\direct\showbase\Messenger.py", line 326, in send
    self.__dispatch(acceptorDict, event, sentArgs, foundWatch)
  File "C:\Panda3D-1.10.0\direct\showbase\Messenger.py", line 411, in __dispatch
    method (*(extraArgs + sentArgs))
  File "C:\Panda3D-1.10.0\direct\gui\DirectButton.py", line 103, in commandFunc
    apply(self['command'], self['extraArgs'])
  File "toontown\catalog\MailboxScreen.py", line 187, in __handleAccept
    self.__showCurrentItem()
  File "toontown\catalog\MailboxScreen.py", line 347, in __showCurrentItem
    self.__clearCurrentItem()
  File "toontown\catalog\MailboxScreen.py", line 342, in __clearCurrentItem
    self.currentItem.cleanupPicture()
  File "toontown\catalog\CatalogEmoteItem.py", line 96, in cleanupPicture
    self.pictureToon.emote.finish()
AttributeError: 'NoneType' object has no attribute 'finish'
Traceback (most recent call last):
  File "otp\otpbase\OTPBase.py", line 34, in run
    taskMgr.run()
  File "C:\Panda3D-1.10.0\direct\task\Task.py", line 508, in run
    self.step()
  File "C:\Panda3D-1.10.0\direct\task\Task.py", line 465, in step
    self.mgr.poll()
  File "C:\Panda3D-1.10.0\direct\showbase\EventManager.py", line 52, in eventLoopTask
    self.doEvents()
  File "C:\Panda3D-1.10.0\direct\showbase\EventManager.py", line 46, in doEvents
    processFunc(self.eventQueue.dequeueEvent())
  File "C:\Panda3D-1.10.0\direct\showbase\EventManager.py", line 103, in processEvent
    messenger.send(eventName, paramList)
  File "C:\Panda3D-1.10.0\direct\showbase\Messenger.py", line 326, in send
    self.__dispatch(acceptorDict, event, sentArgs, foundWatch)
  File "C:\Panda3D-1.10.0\direct\showbase\Messenger.py", line 411, in __dispatch
    method (*(extraArgs + sentArgs))
  File "C:\Panda3D-1.10.0\direct\gui\DirectButton.py", line 103, in commandFunc
    apply(self['command'], self['extraArgs'])
  File "toontown\catalog\MailboxScreen.py", line 187, in __handleAccept
    self.__showCurrentItem()
  File "toontown\catalog\MailboxScreen.py", line 347, in __showCurrentItem
    self.__clearCurrentItem()
  File "toontown\catalog\MailboxScreen.py", line 342, in __clearCurrentItem
    self.currentItem.cleanupPicture()
  File "toontown\catalog\CatalogEmoteItem.py", line 96, in cleanupPicture
    self.pictureToon.emote.finish()
AttributeError: 'NoneType' object has no attribute 'finish'
